0    [main] DEBUG org.apache.cxf.common.logging.LogUtils  - Using org.apache.cxf.common.logging.Log4jLogger for logging.
115  [main] DEBUG org.apache.cxf.resource.DefaultResourceManager  - resolving resource <org.apache.cxf.transport.http.asyncclient.AsyncHTTPConduitFactory/bus> type <interface org.apache.cxf.Bus>
115  [main] DEBUG org.apache.cxf.resource.DefaultResourceManager  - resolving resource <null> type <interface org.apache.cxf.Bus>
178  [main] INFO  org.apache.cxf.wsdl.service.factory.ReflectionServiceFactoryBean  - Creating Service {http://ss.ckwanted.com/}P1ImplService from class com.ckwanted.ss.SimpleService
332  [main] DEBUG org.apache.cxf.jaxb.JAXBDataBinding  - Created JAXBContext "jar:file:/Users/ckwanted/.m2/repository/com/sun/xml/bind/jaxb-impl/2.1.13/jaxb-impl-2.1.13.jar!/com/sun/xml/bind/v2/runtime/JAXBContextImpl.class Build-Id: 2.1.13
Classes known to this context:
  [B
  boolean
  byte
  char
  com.ckwanted.ss.Concat
  com.ckwanted.ss.ConcatResponse
  com.ckwanted.ss.EliminarResponseT
  com.ckwanted.ss.EliminarT
  com.sun.xml.bind.api.CompositeStructure
  double
  float
  int
  java.awt.Image
  java.io.File
  java.lang.Boolean
  java.lang.Byte
  java.lang.Character
  java.lang.Class
  java.lang.Double
  java.lang.Float
  java.lang.Integer
  java.lang.Long
  java.lang.Object
  java.lang.Short
  java.lang.String
  java.lang.Void
  java.math.BigDecimal
  java.math.BigInteger
  java.net.URI
  java.net.URL
  java.util.Calendar
  java.util.Date
  java.util.GregorianCalendar
  java.util.UUID
  javax.activation.DataHandler
  javax.xml.bind.JAXBElement
  javax.xml.datatype.Duration
  javax.xml.datatype.XMLGregorianCalendar
  javax.xml.namespace.QName
  javax.xml.transform.Source
  long
  short
  void
" with classes [class com.ckwanted.ss.EliminarT, class com.ckwanted.ss.EliminarResponseT, class com.ckwanted.ss.ObjectFactory].
460  [main] DEBUG org.apache.cxf.resource.DefaultResourceManager  - resolving resource <org.apache.cxf.wsdl11.WSDLManagerImpl/bus> type <interface org.apache.cxf.Bus>
460  [main] DEBUG org.apache.cxf.resource.DefaultResourceManager  - resolving resource <null> type <interface org.apache.cxf.Bus>
625  [main] DEBUG org.apache.cxf.transport.http_jetty.JettyHTTPServerEngineFactory  - Creating Jetty HTTP Server Engine for port 8080.
630  [main] DEBUG org.apache.cxf.transport.http_jetty.JettyHTTPServerEngine  - Configured port 8080 for "http".
630  [main] INFO  org.apache.cxf.endpoint.ServerImpl  - Setting the server's publish address to be http://localhost:8080/ss/p1
638  [main] DEBUG org.apache.cxf.jaxws.handler.AnnotationHandlerChainBuilder  - building handler chain
639  [main] DEBUG org.apache.cxf.jaxws.handler.AnnotationHandlerChainBuilder  - Checking for HandlerChain annotation on com.ckwanted.ss.P1Impl
639  [main] DEBUG org.apache.cxf.jaxws.handler.AnnotationHandlerChainBuilder  - Checking for HandlerChain annotation on com.ckwanted.ss.SimpleService
639  [main] DEBUG org.apache.cxf.jaxws.handler.AnnotationHandlerChainBuilder  - Checking for HandlerChain annotation on com.ckwanted.ss.SimpleService
639  [main] DEBUG org.apache.cxf.jaxws.handler.AnnotationHandlerChainBuilder  - Checking for HandlerChain annotation on java.lang.Object
639  [main] DEBUG org.apache.cxf.jaxws.handler.AnnotationHandlerChainBuilder  - no HandlerChain annotation on class com.ckwanted.ss.P1Impl
639  [main] DEBUG org.apache.cxf.endpoint.ServerImpl  - Server is starting.
640  [main] DEBUG org.apache.cxf.transport.http_jetty.JettyHTTPDestination  - registering incoming observer: org.apache.cxf.transport.ChainInitiationObserver@268f106e
640  [main] DEBUG org.apache.cxf.transport.http_jetty.JettyHTTPDestination  - Activating receipt of incoming messages
649  [main] DEBUG org.eclipse.jetty.util.log  - Logging to org.slf4j.impl.Log4jLoggerAdapter(org.eclipse.jetty.util.log) via org.eclipse.jetty.util.log.Slf4jLog
668  [main] DEBUG org.eclipse.jetty.util.component.Container  - Container org.eclipse.jetty.server.Server@72bc6553 + SelectChannelConnector@localhost:8080 as connector
671  [main] DEBUG org.eclipse.jetty.util.component.Container  - Container org.eclipse.jetty.server.Server@72bc6553 + org.eclipse.jetty.server.handler.ContextHandlerCollection@2de56eb2 as handler
672  [main] DEBUG org.eclipse.jetty.util.component.AbstractLifeCycle  - starting org.eclipse.jetty.server.Server@72bc6553
673  [main] INFO  org.eclipse.jetty.server.Server  - jetty-8.1.14.v20131031
684  [main] DEBUG org.eclipse.jetty.util.component.Container  - Container org.eclipse.jetty.server.Server@72bc6553 + qtp11249189{8<=0<=0/254,-1} as threadpool
684  [main] DEBUG org.eclipse.jetty.util.component.AbstractLifeCycle  - starting org.eclipse.jetty.server.handler.ContextHandlerCollection@2de56eb2
690  [main] DEBUG org.eclipse.jetty.server.handler.AbstractHandler  - starting org.eclipse.jetty.server.handler.ContextHandlerCollection@2de56eb2
690  [main] DEBUG org.eclipse.jetty.util.component.AbstractLifeCycle  - STARTED org.eclipse.jetty.server.handler.ContextHandlerCollection@2de56eb2
690  [main] DEBUG org.eclipse.jetty.server.handler.AbstractHandler  - starting org.eclipse.jetty.server.Server@72bc6553
690  [main] DEBUG org.eclipse.jetty.util.component.AbstractLifeCycle  - starting qtp11249189{8<=0<=0/254,-1}
692  [main] DEBUG org.eclipse.jetty.util.component.AbstractLifeCycle  - STARTED qtp11249189{8<=7<=8/254,0}
692  [main] DEBUG org.eclipse.jetty.util.component.AbstractLifeCycle  - starting SelectChannelConnector@localhost:8080
711  [main] DEBUG org.eclipse.jetty.util.component.AbstractLifeCycle  - starting null/null
713  [main] DEBUG org.eclipse.jetty.util.component.AbstractLifeCycle  - STARTED PooledBuffers [0/1024@6144,0/1024@16384,0/1024@-]/PooledBuffers [0/1024@6144,0/1024@32768,0/1024@-]
713  [main] DEBUG org.eclipse.jetty.util.component.AbstractLifeCycle  - starting org.eclipse.jetty.server.nio.SelectChannelConnector$ConnectorSelectorManager@387a8303
721  [main] DEBUG org.eclipse.jetty.util.component.AbstractLifeCycle  - STARTED org.eclipse.jetty.server.nio.SelectChannelConnector$ConnectorSelectorManager@387a8303
721  [qtp11249189-20 Selector0] DEBUG org.eclipse.jetty.io.nio  - Starting Thread[qtp11249189-20 Selector0,5,main] on org.eclipse.jetty.io.nio.SelectorManager$1@32b0d705
721  [qtp11249189-14 Selector1] DEBUG org.eclipse.jetty.io.nio  - Starting Thread[qtp11249189-14 Selector1,5,main] on org.eclipse.jetty.io.nio.SelectorManager$1@31732547
722  [main] INFO  org.eclipse.jetty.server.AbstractConnector  - Started SelectChannelConnector@localhost:8080
722  [main] DEBUG org.eclipse.jetty.util.component.AbstractLifeCycle  - STARTED SelectChannelConnector@localhost:8080
722  [main] DEBUG org.eclipse.jetty.util.component.AbstractLifeCycle  - STARTED org.eclipse.jetty.server.Server@72bc6553
726  [main] DEBUG org.eclipse.jetty.util.component.Container  - Container o.e.j.s.h.ContextHandler{/ss,null} + org.apache.cxf.transport.http_jetty.JettyHTTPHandler@7dfb0c0f as handler
726  [main] DEBUG org.eclipse.jetty.util.component.Container  - Container org.eclipse.jetty.server.handler.ContextHandlerCollection@2de56eb2 + o.e.j.s.h.ContextHandler{/ss,null} as handler
726  [main] DEBUG org.eclipse.jetty.util.component.AbstractLifeCycle  - starting o.e.j.s.h.ContextHandler{/ss,null}
734  [main] DEBUG org.eclipse.jetty.util.component.AbstractLifeCycle  - starting org.apache.cxf.transport.http_jetty.JettyHTTPHandler@7dfb0c0f
735  [main] DEBUG org.eclipse.jetty.server.handler.AbstractHandler  - starting org.apache.cxf.transport.http_jetty.JettyHTTPHandler@7dfb0c0f
735  [main] DEBUG org.eclipse.jetty.util.component.AbstractLifeCycle  - STARTED org.apache.cxf.transport.http_jetty.JettyHTTPHandler@7dfb0c0f
735  [main] DEBUG org.eclipse.jetty.server.handler.AbstractHandler  - starting o.e.j.s.h.ContextHandler{/ss,null}
735  [main] DEBUG org.eclipse.jetty.util.component.AbstractLifeCycle  - STARTED o.e.j.s.h.ContextHandler{/ss,null}
735  [main] DEBUG org.apache.cxf.endpoint.ServerImpl  - register the server to serverRegistry 
